Release 14.7 - xst P.20131013 (nt64)
Copyright (c) 1995-2013 Xilinx, Inc.  All rights reserved.
--> Parameter TMPDIR set to xst/projnav.tmp


Total REAL time to Xst completion: 1.00 secs
Total CPU time to Xst completion: 0.12 secs
 
--> Parameter xsthdpdir set to xst


Total REAL time to Xst completion: 1.00 secs
Total CPU time to Xst completion: 0.12 secs
 
--> Reading design: lab1.prj

TABLE OF CONTENTS
  1) Synthesis Options Summary
  2) HDL Compilation
  3) Design Hierarchy Analysis
  4) HDL Analysis
  5) HDL Synthesis
     5.1) HDL Synthesis Report
  6) Advanced HDL Synthesis
     6.1) Advanced HDL Synthesis Report
  7) Low Level Synthesis
  8) Partition Report
  9) Final Report
	9.1) Device utilization summary
	9.2) Partition Resource Summary
	9.3) TIMING REPORT


=========================================================================
*                      Synthesis Options Summary                        *
=========================================================================
---- Source Parameters
Input File Name                    : "lab1.prj"
Input Format                       : mixed
Ignore Synthesis Constraint File   : NO

---- Target Parameters
Output File Name                   : "lab1"
Output Format                      : NGC
Target Device                      : xc3s1000-5-ft256

---- Source Options
Top Module Name                    : lab1
Automatic FSM Extraction           : YES
FSM Encoding Algorithm             : Auto
Safe Implementation                : No
FSM Style                          : LUT
RAM Extraction                     : Yes
RAM Style                          : Auto
ROM Extraction                     : Yes
Mux Style                          : Auto
Decoder Extraction                 : YES
Priority Encoder Extraction        : Yes
Shift Register Extraction          : YES
Logical Shifter Extraction         : YES
XOR Collapsing                     : YES
ROM Style                          : Auto
Mux Extraction                     : Yes
Resource Sharing                   : YES
Asynchronous To Synchronous        : NO
Multiplier Style                   : Auto
Automatic Register Balancing       : No

---- Target Options
Add IO Buffers                     : YES
Global Maximum Fanout              : 100000
Add Generic Clock Buffer(BUFG)     : 8
Register Duplication               : YES
Slice Packing                      : YES
Optimize Instantiated Primitives   : NO
Use Clock Enable                   : Yes
Use Synchronous Set                : Yes
Use Synchronous Reset              : Yes
Pack IO Registers into IOBs        : Auto
Equivalent register Removal        : YES

---- General Options
Optimization Goal                  : Speed
Optimization Effort                : 1
Keep Hierarchy                     : No
Netlist Hierarchy                  : As_Optimized
RTL Output                         : Yes
Global Optimization                : AllClockNets
Read Cores                         : YES
Write Timing Constraints           : NO
Cross Clock Analysis               : NO
Hierarchy Separator                : /
Bus Delimiter                      : <>
Case Specifier                     : Maintain
Slice Utilization Ratio            : 100
BRAM Utilization Ratio             : 100
Verilog 2001                       : YES
Auto BRAM Packing                  : NO
Slice Utilization Ratio Delta      : 5

=========================================================================


=========================================================================
*                          HDL Compilation                              *
=========================================================================
Compiling vhdl file "C:/hlocal/DAS/common/common.vhd" in Library work.
Architecture common of Entity common is up to date.
Compiling vhdl file "C:/hlocal/DAS/common/bin2segs.vhd" in Library work.
Architecture syn of Entity bin2segs is up to date.
Compiling vhdl file "C:/hlocal/DAS/lab1/lab1.vhd" in Library work.
Entity <lab1> compiled.
Entity <lab1> (Architecture <syn>) compiled.

=========================================================================
*                     Design Hierarchy Analysis                         *
=========================================================================
Analyzing hierarchy for entity <lab1> in library <work> (architecture <syn>).

Analyzing hierarchy for entity <bin2segs> in library <work> (architecture <syn>).


=========================================================================
*                            HDL Analysis                               *
=========================================================================
Analyzing Entity <lab1> in library <work> (Architecture <syn>).
WARNING:Xst:1610 - "C:/hlocal/DAS/lab1/lab1.vhd" line 51: Width mismatch. <result> has a width of 8 bits but assigned expression is 16-bit wide.
Entity <lab1> analyzed. Unit <lab1> generated.

Analyzing Entity <bin2segs> in library <work> (Architecture <syn>).
Entity <bin2segs> analyzed. Unit <bin2segs> generated.


=========================================================================
*                           HDL Synthesis                               *
=========================================================================

Performing bidirectional port resolution...

Synthesizing Unit <bin2segs>.
    Related source file is "C:/hlocal/DAS/common/bin2segs.vhd".
WARNING:Xst:647 - Input <dp> is never used. This port will be preserved and left unconnected if it belongs to a top-level block or it belongs to a sub-block and the hierarchy of this sub-block is preserved.
    Found 16x3-bit ROM for signal <bin$rom0000>.
    Summary:
	inferred   1 ROM(s).
Unit <bin2segs> synthesized.


Synthesizing Unit <lab1>.
    Related source file is "C:/hlocal/DAS/lab1/lab1.vhd".
WARNING:Xst:643 - "C:/hlocal/DAS/lab1/lab1.vhd" line 51: The result of a 8x8-bit multiplication is partially used. Only the 8 least significant bits are used. If you are doing this on purpose, you may safely ignore this warning. Otherwise, make sure you are not losing information, leading to unexpected circuit behavior.
    Found 8-bit addsub for signal <result$addsub0000>.
    Found 8x8-bit multiplier for signal <result$mult0000> created at line 51.
    Summary:
	inferred   1 Adder/Subtractor(s).
	inferred   1 Multiplier(s).
Unit <lab1> synthesized.

INFO:Xst:1767 - HDL ADVISOR - Resource sharing has identified that some arithmetic operations in this design can share the same physical resources for reduced device utilization. For improved clock frequency you may try to disable resource sharing.

=========================================================================
HDL Synthesis Report

Macro Statistics
# ROMs                                                 : 3
 16x3-bit ROM                                          : 3
# Multipliers                                          : 1
 8x8-bit multiplier                                    : 1
# Adders/Subtractors                                   : 1
 8-bit addsub                                          : 1

=========================================================================

=========================================================================
*                       Advanced HDL Synthesis                          *
=========================================================================


=========================================================================
Advanced HDL Synthesis Report

Macro Statistics
# ROMs                                                 : 3
 16x3-bit ROM                                          : 3
# Multipliers                                          : 1
 5x5-bit multiplier                                    : 1

=========================================================================

=========================================================================
*                         Low Level Synthesis                           *
=========================================================================

Optimizing unit <lab1> ...

Mapping all equations...
Building and optimizing final netlist ...
Found area constraint ratio of 100 (+ 5) on block lab1, actual ratio is 0.

Final Macro Processing ...

=========================================================================
Final Register Report

Found no macro
=========================================================================

=========================================================================
*                           Partition Report                            *
=========================================================================

Partition Implementation Status
-------------------------------

  No Partitions were found in this design.

-------------------------------

=========================================================================
*                            Final Report                               *
=========================================================================
Final Results
RTL Top Level Output File Name     : lab1.ngr
Top Level Output File Name         : lab1
Output Format                      : NGC
Optimization Goal                  : Speed
Keep Hierarchy                     : No

Design Statistics
# IOs                              : 42

Cell Usage :
# BELS                             : 24
#      GND                         : 1
#      INV                         : 8
#      LUT4                        : 14
#      VCC                         : 1
# IO Buffers                       : 40
#      IBUF                        : 8
#      OBUF                        : 32
# MULTs                            : 1
#      MULT18X18                   : 1
=========================================================================

Device utilization summary:
---------------------------

Selected Device : 3s1000ft256-5 

 Number of Slices:                        8  out of   7680     0%  
 Number of 4 input LUTs:                 22  out of  15360     0%  
 Number of IOs:                          42
 Number of bonded IOBs:                  40  out of    173    23%  
 Number of MULT18X18s:                    1  out of     24     4%  

---------------------------
Partition Resource Summary:
---------------------------

  No Partitions were found in this design.

---------------------------


=========================================================================
TIMING REPORT

NOTE: THESE TIMING NUMBERS ARE ONLY A SYNTHESIS ESTIMATE.
      FOR ACCURATE TIMING INFORMATION PLEASE REFER TO THE TRACE REPORT
      GENERATED AFTER PLACE-and-ROUTE.

Clock Information:
------------------
No clock signals found in this design

Asynchronous Control Signals Information:
----------------------------------------
No asynchronous control signals found in this design

Timing Summary:
---------------
Speed Grade: -5

   Minimum period: No path found
   Minimum input arrival time before clock: No path found
   Maximum output required time after clock: No path found
   Maximum combinational path delay: 12.184ns

Timing Detail:
--------------
All values displayed in nanoseconds (ns)

=========================================================================
Timing constraint: Default path analysis
  Total number of paths / destination ports: 372 / 22
-------------------------------------------------------------------------
Delay:               12.184ns (Levels of Logic = 5)
  Source:            switches_n<7> (PAD)
  Destination:       leftSegs<6> (PAD)

  Data Path: switches_n<7> to leftSegs<6>
                                Gate     Net
    Cell:in->out      fanout   Delay   Delay  Logical Name (Net Name)
    ----------------------------------------  ------------
     IBUF:I->O             2   0.715   0.745  switches_n_7_IBUF (leds_7_OBUF)
     INV:I->O              1   0.479   0.681  leftOp<3>1_INV_0 (leftOp<3>)
     MULT18X18:A3->P7      7   2.294   1.201  Mmult_result_mult0000 (result<7>)
     LUT4:I0->O            1   0.479   0.681  leftConverter/Mrom_bin_rom000021 (leftSegs_4_OBUF)
     OBUF:I->O                 4.909          leftSegs_4_OBUF (leftSegs<4>)
    ----------------------------------------
    Total                     12.184ns (8.876ns logic, 3.308ns route)
                                       (72.8% logic, 27.2% route)

=========================================================================


Total REAL time to Xst completion: 6.00 secs
Total CPU time to Xst completion: 5.12 secs
 
--> 

Total memory usage is 355936 kilobytes

Number of errors   :    0 (   0 filtered)
Number of warnings :    3 (   0 filtered)
Number of infos    :    1 (   0 filtered)

